<?xml version="1.0" encoding="UTF-8" ?>
<testsuite tests="21" failures="0" name="MyTest" time="5.296" errors="3" skipped="0">
  <properties>
[...]
</properties>
  <testcase classname="MyTest" name="detailOrder" time="2.564"/>
  <testcase classname="MyTest" name="detailsuser" time="0.062"/>
  <testcase classname="MyTest" name="selectBookList" time="0.262"/>
  <testcase classname="MyTest" name="addOrder" time="0.369">
    <error message="
### Error updating database.  Cause: java.sql.SQLIntegrityConstraintViolationException: Cannot add or update a child row: a foreign key constraint fails (`mysshbook`.`t_order`, CONSTRAINT `FK_order_user` FOREIGN KEY (`orderUser`) REFERENCES `t_user` (`id`))
### The error may exist in top/keyle/mapper/OrderMapper.xml
### The error may involve top.keyle.mapper.OrderMapper.addOrder-Inline
### The error occurred while setting parameters
### SQL: insert into t_order          ( orderNo,             orderDate,             orderUser,             orderMoney,             orderStatus )          values          ( ?,             ?,             ?,             ?,             ? )
### Cause: java.sql.SQLIntegrityConstraintViolationException: Cannot add or update a child row: a foreign key constraint fails (`mysshbook`.`t_order`, CONSTRAINT `FK_order_user` FOREIGN KEY (`orderUser`) REFERENCES `t_user` (`id`))
; Cannot add or update a child row: a foreign key constraint fails (`mysshbook`.`t_order`, CONSTRAINT `FK_order_user` FOREIGN KEY (`orderUser`) REFERENCES `t_user` (`id`)); nested exception is java.sql.SQLIntegrityConstraintViolationException: Cannot add or update a child row: a foreign key constraint fails (`mysshbook`.`t_order`, CONSTRAINT `FK_order_user` FOREIGN KEY (`orderUser`) REFERENCES `t_user` (`id`))" type="org.springframework.dao.DataIntegrityViolationException">org.springframework.dao.DataIntegrityViolationException: 
### Error updating database.  Cause: java.sql.SQLIntegrityConstraintViolationException: Cannot add or update a child row: a foreign key constraint fails (`mysshbook`.`t_order`, CONSTRAINT `FK_order_user` FOREIGN KEY (`orderUser`) REFERENCES `t_user` (`id`))
### The error may exist in top/keyle/mapper/OrderMapper.xml
### The error may involve top.keyle.mapper.OrderMapper.addOrder-Inline
### The error occurred while setting parameters
### SQL: insert into t_order          ( orderNo,             orderDate,             orderUser,             orderMoney,             orderStatus )          values          ( ?,             ?,             ?,             ?,             ? )
### Cause: java.sql.SQLIntegrityConstraintViolationException: Cannot add or update a child row: a foreign key constraint fails (`mysshbook`.`t_order`, CONSTRAINT `FK_order_user` FOREIGN KEY (`orderUser`) REFERENCES `t_user` (`id`))
; Cannot add or update a child row: a foreign key constraint fails (`mysshbook`.`t_order`, CONSTRAINT `FK_order_user` FOREIGN KEY (`orderUser`) REFERENCES `t_user` (`id`)); nested exception is java.sql.SQLIntegrityConstraintViolationException: Cannot add or update a child row: a foreign key constraint fails (`mysshbook`.`t_order`, CONSTRAINT `FK_order_user` FOREIGN KEY (`orderUser`) REFERENCES `t_user` (`id`))
	at org.springframework.jdbc.support.SQLErrorCodeSQLExceptionTranslator.doTranslate(SQLErrorCodeSQLExceptionTranslator.java:251)
	at org.springframework.jdbc.support.AbstractFallbackSQLExceptionTranslator.translate(AbstractFallbackSQLExceptionTranslator.java:70)
	at org.mybatis.spring.MyBatisExceptionTranslator.translateExceptionIfPossible(MyBatisExceptionTranslator.java:91)
	at org.mybatis.spring.SqlSessionTemplate$SqlSessionInterceptor.invoke(SqlSessionTemplate.java:441)
	at jdk.proxy2/jdk.proxy2.$Proxy22.insert(Unknown Source)
	at org.mybatis.spring.SqlSessionTemplate.insert(SqlSessionTemplate.java:272)
	at org.apache.ibatis.binding.MapperMethod.execute(MapperMethod.java:62)
	at org.apache.ibatis.binding.MapperProxy$PlainMethodInvoker.invoke(MapperProxy.java:145)
	at org.apache.ibatis.binding.MapperProxy.invoke(MapperProxy.java:86)
	at jdk.proxy2/jdk.proxy2.$Proxy32.addOrder(Unknown Source)
	at top.keyle.service.serviceImpl.OrderServiceImpl.addOrder(OrderServiceImpl.java:18)
	at java.base/jdk.internal.reflect.NativeMethodAccessorImpl.invoke0(Native Method)
	at java.base/jdk.internal.reflect.NativeMethodAccessorImpl.invoke(NativeMethodAccessorImpl.java:77)
	at java.base/jdk.internal.reflect.DelegatingMethodAccessorImpl.invoke(DelegatingMethodAccessorImpl.java:43)
	at java.base/java.lang.reflect.Method.invoke(Method.java:568)
	at org.springframework.aop.support.AopUtils.invokeJoinpointUsingReflection(AopUtils.java:344)
	at org.springframework.aop.framework.ReflectiveMethodInvocation.invokeJoinpoint(ReflectiveMethodInvocation.java:198)
	at org.springframework.aop.framework.ReflectiveMethodInvocation.proceed(ReflectiveMethodInvocation.java:163)
	at org.springframework.transaction.interceptor.TransactionInterceptor$1.proceedWithInvocation(TransactionInterceptor.java:123)
	at org.springframework.transaction.interceptor.TransactionAspectSupport.invokeWithinTransaction(TransactionAspectSupport.java:388)
	at org.springframework.transaction.interceptor.TransactionInterceptor.invoke(TransactionInterceptor.java:119)
	at org.springframework.aop.framework.ReflectiveMethodInvocation.proceed(ReflectiveMethodInvocation.java:186)
	at org.springframework.aop.interceptor.ExposeInvocationInterceptor.invoke(ExposeInvocationInterceptor.java:97)
	at org.springframework.aop.framework.ReflectiveMethodInvocation.proceed(ReflectiveMethodInvocation.java:186)
	at org.springframework.aop.framework.JdkDynamicAopProxy.invoke(JdkDynamicAopProxy.java:215)
	at jdk.proxy2/jdk.proxy2.$Proxy33.addOrder(Unknown Source)
	at MyTest.addOrder(MyTest.java:89)
	at java.base/jdk.internal.reflect.NativeMethodAccessorImpl.invoke0(Native Method)
	at java.base/jdk.internal.reflect.NativeMethodAccessorImpl.invoke(NativeMethodAccessorImpl.java:77)
	at java.base/jdk.internal.reflect.DelegatingMethodAccessorImpl.invoke(DelegatingMethodAccessorImpl.java:43)
	at java.base/java.lang.reflect.Method.invoke(Method.java:568)
	at org.junit.runners.model.FrameworkMethod$1.runReflectiveCall(FrameworkMethod.java:59)
	at org.junit.internal.runners.model.ReflectiveCallable.run(ReflectiveCallable.java:12)
	at org.junit.runners.model.FrameworkMethod.invokeExplosively(FrameworkMethod.java:56)
	at org.junit.internal.runners.statements.InvokeMethod.evaluate(InvokeMethod.java:17)
	at org.springframework.test.context.junit4.statements.RunBeforeTestExecutionCallbacks.evaluate(RunBeforeTestExecutionCallbacks.java:74)
	at org.springframework.test.context.junit4.statements.RunAfterTestExecutionCallbacks.evaluate(RunAfterTestExecutionCallbacks.java:84)
	at org.springframework.test.context.junit4.statements.RunBeforeTestMethodCallbacks.evaluate(RunBeforeTestMethodCallbacks.java:75)
	at org.springframework.test.context.junit4.statements.RunAfterTestMethodCallbacks.evaluate(RunAfterTestMethodCallbacks.java:86)
	at org.springframework.test.context.junit4.statements.SpringRepeat.evaluate(SpringRepeat.java:84)
	at org.junit.runners.ParentRunner.runLeaf(ParentRunner.java:366)
	at org.springframework.test.context.junit4.SpringJUnit4ClassRunner.runChild(SpringJUnit4ClassRunner.java:251)
	at org.springframework.test.context.junit4.SpringJUnit4ClassRunner.runChild(SpringJUnit4ClassRunner.java:97)
	at org.junit.runners.ParentRunner$4.run(ParentRunner.java:331)
	at org.junit.runners.ParentRunner$1.schedule(ParentRunner.java:79)
	at org.junit.runners.ParentRunner.runChildren(ParentRunner.java:329)
	at org.junit.runners.ParentRunner.access$100(ParentRunner.java:66)
	at org.junit.runners.ParentRunner$2.evaluate(ParentRunner.java:293)
	at org.springframework.test.context.junit4.statements.RunBeforeTestClassCallbacks.evaluate(RunBeforeTestClassCallbacks.java:61)
	at org.springframework.test.context.junit4.statements.RunAfterTestClassCallbacks.evaluate(RunAfterTestClassCallbacks.java:70)
	at org.junit.runners.ParentRunner$3.evaluate(ParentRunner.java:306)
	at org.junit.runners.ParentRunner.run(ParentRunner.java:413)
	at org.springframework.test.context.junit4.SpringJUnit4ClassRunner.run(SpringJUnit4ClassRunner.java:190)
	at org.apache.maven.surefire.junit4.JUnit4Provider.execute(JUnit4Provider.java:252)
	at org.apache.maven.surefire.junit4.JUnit4Provider.executeTestSet(JUnit4Provider.java:141)
	at org.apache.maven.surefire.junit4.JUnit4Provider.invoke(JUnit4Provider.java:112)
	at java.base/jdk.internal.reflect.NativeMethodAccessorImpl.invoke0(Native Method)
	at java.base/jdk.internal.reflect.NativeMethodAccessorImpl.invoke(NativeMethodAccessorImpl.java:77)
	at java.base/jdk.internal.reflect.DelegatingMethodAccessorImpl.invoke(DelegatingMethodAccessorImpl.java:43)
	at java.base/java.lang.reflect.Method.invoke(Method.java:568)
	at org.apache.maven.surefire.util.ReflectionUtils.invokeMethodWithArray(ReflectionUtils.java:189)
	at org.apache.maven.surefire.booter.ProviderFactory$ProviderProxy.invoke(ProviderFactory.java:165)
	at org.apache.maven.surefire.booter.ProviderFactory.invokeProvider(ProviderFactory.java:85)
	at org.apache.maven.surefire.booter.ForkedBooter.runSuitesInProcess(ForkedBooter.java:115)
	at org.apache.maven.surefire.booter.ForkedBooter.main(ForkedBooter.java:75)
Caused by: java.sql.SQLIntegrityConstraintViolationException: Cannot add or update a child row: a foreign key constraint fails (`mysshbook`.`t_order`, CONSTRAINT `FK_order_user` FOREIGN KEY (`orderUser`) REFERENCES `t_user` (`id`))
	at com.mysql.cj.jdbc.exceptions.SQLError.createSQLException(SQLError.java:117)
	at com.mysql.cj.jdbc.exceptions.SQLExceptionsMapping.translateException(SQLExceptionsMapping.java:122)
	at com.mysql.cj.jdbc.ClientPreparedStatement.executeInternal(ClientPreparedStatement.java:953)
	at com.mysql.cj.jdbc.ClientPreparedStatement.execute(ClientPreparedStatement.java:371)
	at com.alibaba.druid.pool.DruidPooledPreparedStatement.execute(DruidPooledPreparedStatement.java:497)
	at java.base/jdk.internal.reflect.NativeMethodAccessorImpl.invoke0(Native Method)
	at java.base/jdk.internal.reflect.NativeMethodAccessorImpl.invoke(NativeMethodAccessorImpl.java:77)
	at java.base/jdk.internal.reflect.DelegatingMethodAccessorImpl.invoke(DelegatingMethodAccessorImpl.java:43)
	at java.base/java.lang.reflect.Method.invoke(Method.java:568)
	at org.apache.ibatis.logging.jdbc.PreparedStatementLogger.invoke(PreparedStatementLogger.java:59)
	at jdk.proxy3/jdk.proxy3.$Proxy37.execute(Unknown Source)
	at org.apache.ibatis.executor.statement.PreparedStatementHandler.update(PreparedStatementHandler.java:47)
	at org.apache.ibatis.executor.statement.RoutingStatementHandler.update(RoutingStatementHandler.java:74)
	at org.apache.ibatis.executor.SimpleExecutor.doUpdate(SimpleExecutor.java:50)
	at org.apache.ibatis.executor.BaseExecutor.update(BaseExecutor.java:117)
	at org.apache.ibatis.executor.CachingExecutor.update(CachingExecutor.java:76)
	at org.apache.ibatis.session.defaults.DefaultSqlSession.update(DefaultSqlSession.java:194)
	at org.apache.ibatis.session.defaults.DefaultSqlSession.insert(DefaultSqlSession.java:181)
	at java.base/jdk.internal.reflect.NativeMethodAccessorImpl.invoke0(Native Method)
	at java.base/jdk.internal.reflect.NativeMethodAccessorImpl.invoke(NativeMethodAccessorImpl.java:77)
	at java.base/jdk.internal.reflect.DelegatingMethodAccessorImpl.invoke(DelegatingMethodAccessorImpl.java:43)
	at java.base/java.lang.reflect.Method.invoke(Method.java:568)
	at org.mybatis.spring.SqlSessionTemplate$SqlSessionInterceptor.invoke(SqlSessionTemplate.java:427)
	... 61 more
</error>
    <system-out>11:48:29.290 [main] DEBUG org.springframework.test.annotation.ProfileValueUtils - Retrieved @ProfileValueSourceConfiguration [null] for test class [MyTest]
11:48:29.291 [main] DEBUG org.springframework.test.annotation.ProfileValueUtils - Retrieved ProfileValueSource type [class org.springframework.test.annotation.SystemProfileValueSource] for class [MyTest]
11:48:29.292 [main] DEBUG org.springframework.test.context.support.DependencyInjectionTestExecutionListener - Performing dependency injection for test context [[DefaultTestContext@48aaecc3 testClass = MyTest, testInstance = MyTest@73017a80, testMethod = [null], testException = [null], mergedContextConfiguration = [MergedContextConfiguration@7c0c77c7 testClass = MyTest, locations = &apos;{classpath:applicationContext_mapper.xml, classpath:applicationContext_service.xml}&apos;, classes = &apos;{}&apos;, contextInitializerClasses = &apos;[]&apos;, activeProfiles = &apos;{}&apos;, propertySourceLocations = &apos;{}&apos;, propertySourceProperties = &apos;{}&apos;, contextCustomizers = set[[empty]], contextLoader = &apos;org.springframework.test.context.support.DelegatingSmartContextLoader&apos;, parent = [null]], attributes = map[&apos;org.springframework.test.context.event.ApplicationEventsTestExecutionListener.recordApplicationEvents&apos; -&gt; false]]].
11:48:29.293 [main] DEBUG org.springframework.test.context.cache.DefaultCacheAwareContextLoaderDelegate - Retrieved ApplicationContext [836220863] from cache with key [[MergedContextConfiguration@7c0c77c7 testClass = MyTest, locations = &apos;{classpath:applicationContext_mapper.xml, classpath:applicationContext_service.xml}&apos;, classes = &apos;{}&apos;, contextInitializerClasses = &apos;[]&apos;, activeProfiles = &apos;{}&apos;, propertySourceLocations = &apos;{}&apos;, propertySourceProperties = &apos;{}&apos;, contextCustomizers = set[[empty]], contextLoader = &apos;org.springframework.test.context.support.DelegatingSmartContextLoader&apos;, parent = [null]]]
11:48:29.293 [main] DEBUG org.springframework.test.context.cache - Spring test ApplicationContext cache statistics: [DefaultContextCache@33a053d size = 1, maxSize = 32, parentContextCount = 0, hitCount = 18, missCount = 1]
11:48:29.294 [main] DEBUG org.springframework.test.context.cache.DefaultCacheAwareContextLoaderDelegate - Retrieved ApplicationContext [836220863] from cache with key [[MergedContextConfiguration@7c0c77c7 testClass = MyTest, locations = &apos;{classpath:applicationContext_mapper.xml, classpath:applicationContext_service.xml}&apos;, classes = &apos;{}&apos;, contextInitializerClasses = &apos;[]&apos;, activeProfiles = &apos;{}&apos;, propertySourceLocations = &apos;{}&apos;, propertySourceProperties = &apos;{}&apos;, contextCustomizers = set[[empty]], contextLoader = &apos;org.springframework.test.context.support.DelegatingSmartContextLoader&apos;, parent = [null]]]
11:48:29.295 [main] DEBUG org.springframework.test.context.cache - Spring test ApplicationContext cache statistics: [DefaultContextCache@33a053d size = 1, maxSize = 32, parentContextCount = 0, hitCount = 19, missCount = 1]
11:48:29.296 [main] DEBUG org.springframework.test.context.support.AbstractDirtiesContextTestExecutionListener - Before test method: context [DefaultTestContext@48aaecc3 testClass = MyTest, testInstance = MyTest@73017a80, testMethod = addOrder@MyTest, testException = [null], mergedContextConfiguration = [MergedContextConfiguration@7c0c77c7 testClass = MyTest, locations = &apos;{classpath:applicationContext_mapper.xml, classpath:applicationContext_service.xml}&apos;, classes = &apos;{}&apos;, contextInitializerClasses = &apos;[]&apos;, activeProfiles = &apos;{}&apos;, propertySourceLocations = &apos;{}&apos;, propertySourceProperties = &apos;{}&apos;, contextCustomizers = set[[empty]], contextLoader = &apos;org.springframework.test.context.support.DelegatingSmartContextLoader&apos;, parent = [null]], attributes = map[&apos;org.springframework.test.context.event.ApplicationEventsTestExecutionListener.recordApplicationEvents&apos; -&gt; false]], class annotated with @DirtiesContext [false] with mode [null], method annotated with @DirtiesContext [false] with mode [null].
11:48:29.297 [main] DEBUG org.springframework.test.context.cache.DefaultCacheAwareContextLoaderDelegate - Retrieved ApplicationContext [836220863] from cache with key [[MergedContextConfiguration@7c0c77c7 testClass = MyTest, locations = &apos;{classpath:applicationContext_mapper.xml, classpath:applicationContext_service.xml}&apos;, classes = &apos;{}&apos;, contextInitializerClasses = &apos;[]&apos;, activeProfiles = &apos;{}&apos;, propertySourceLocations = &apos;{}&apos;, propertySourceProperties = &apos;{}&apos;, contextCustomizers = set[[empty]], contextLoader = &apos;org.springframework.test.context.support.DelegatingSmartContextLoader&apos;, parent = [null]]]
11:48:29.298 [main] DEBUG org.springframework.test.context.cache - Spring test ApplicationContext cache statistics: [DefaultContextCache@33a053d size = 1, maxSize = 32, parentContextCount = 0, hitCount = 20, missCount = 1]
11:48:29.298 [main] DEBUG org.springframework.test.context.cache.DefaultCacheAwareContextLoaderDelegate - Retrieved ApplicationContext [836220863] from cache with key [[MergedContextConfiguration@7c0c77c7 testClass = MyTest, locations = &apos;{classpath:applicationContext_mapper.xml, classpath:applicationContext_service.xml}&apos;, classes = &apos;{}&apos;, contextInitializerClasses = &apos;[]&apos;, activeProfiles = &apos;{}&apos;, propertySourceLocations = &apos;{}&apos;, propertySourceProperties = &apos;{}&apos;, contextCustomizers = set[[empty]], contextLoader = &apos;org.springframework.test.context.support.DelegatingSmartContextLoader&apos;, parent = [null]]]
11:48:29.298 [main] DEBUG org.springframework.test.context.cache - Spring test ApplicationContext cache statistics: [DefaultContextCache@33a053d size = 1, maxSize = 32, parentContextCount = 0, hitCount = 21, missCount = 1]
11:48:29.303 [main] DEBUG org.springframework.jdbc.datasource.DataSourceTransactionManager - Creating new transaction with name [top.keyle.service.serviceImpl.OrderServiceImpl.addOrder]: PROPAGATION_REQUIRED,ISOLATION_DEFAULT
11:48:29.303 [main] DEBUG org.springframework.jdbc.datasource.DataSourceTransactionManager - Acquired Connection [com.mysql.cj.jdbc.ConnectionImpl@131fcb6f] for JDBC transaction
11:48:29.303 [main] DEBUG org.springframework.jdbc.datasource.DataSourceTransactionManager - Switching JDBC Connection [com.mysql.cj.jdbc.ConnectionImpl@131fcb6f] to manual commit
Creating a new SqlSession
Registering transaction synchronization for SqlSession [org.apache.ibatis.session.defaults.DefaultSqlSession@1a3e5f23]
JDBC Connection [com.mysql.cj.jdbc.ConnectionImpl@131fcb6f] will be managed by Spring
==&gt;  Preparing: insert into t_order ( orderNo, orderDate, orderUser, orderMoney, orderStatus ) values ( ?, ?, ?, ?, ? )
==&gt; Parameters: 6c7911d1-4b6c-4de1-96dc-e13d79e8a4a9-2022-04-18-11-48-29(String), 2022-04-18 11:48:29.302(Timestamp), 1(Integer), 50.0(Double), 1(Integer)
Releasing transactional SqlSession [org.apache.ibatis.session.defaults.DefaultSqlSession@1a3e5f23]
11:48:29.484 [main] DEBUG org.springframework.beans.factory.xml.XmlBeanDefinitionReader - Loaded 11 bean definitions from class path resource [org/springframework/jdbc/support/sql-error-codes.xml]
11:48:29.486 [main] DEBUG org.springframework.beans.factory.support.DefaultListableBeanFactory - Creating shared instance of singleton bean &apos;DB2&apos;
11:48:29.534 [main] DEBUG org.springframework.beans.factory.support.DefaultListableBeanFactory - Creating shared instance of singleton bean &apos;Derby&apos;
11:48:29.536 [main] DEBUG org.springframework.beans.factory.support.DefaultListableBeanFactory - Creating shared instance of singleton bean &apos;H2&apos;
11:48:29.540 [main] DEBUG org.springframework.beans.factory.support.DefaultListableBeanFactory - Creating shared instance of singleton bean &apos;HDB&apos;
11:48:29.551 [main] DEBUG org.springframework.beans.factory.support.DefaultListableBeanFactory - Creating shared instance of singleton bean &apos;HSQL&apos;
11:48:29.555 [main] DEBUG org.springframework.beans.factory.support.DefaultListableBeanFactory - Creating shared instance of singleton bean &apos;Informix&apos;
11:48:29.557 [main] DEBUG org.springframework.beans.factory.support.DefaultListableBeanFactory - Creating shared instance of singleton bean &apos;MS-SQL&apos;
11:48:29.560 [main] DEBUG org.springframework.beans.factory.support.DefaultListableBeanFactory - Creating shared instance of singleton bean &apos;MySQL&apos;
11:48:29.562 [main] DEBUG org.springframework.beans.factory.support.DefaultListableBeanFactory - Creating shared instance of singleton bean &apos;Oracle&apos;
11:48:29.563 [main] DEBUG org.springframework.beans.factory.support.DefaultListableBeanFactory - Creating shared instance of singleton bean &apos;PostgreSQL&apos;
11:48:29.565 [main] DEBUG org.springframework.beans.factory.support.DefaultListableBeanFactory - Creating shared instance of singleton bean &apos;Sybase&apos;
11:48:29.566 [main] DEBUG org.springframework.jdbc.support.SQLErrorCodesFactory - Looking up default SQLErrorCodes for DataSource [com.alibaba.druid.pool.DruidDataSource@790132f7]
11:48:29.576 [main] DEBUG org.springframework.jdbc.support.SQLErrorCodesFactory - SQL error codes for &apos;MySQL&apos; found
11:48:29.576 [main] DEBUG org.springframework.jdbc.support.SQLErrorCodesFactory - Caching SQL error codes for DataSource [com.alibaba.druid.pool.DruidDataSource@790132f7]: database product name is &apos;MySQL&apos;
11:48:29.578 [main] DEBUG org.springframework.jdbc.support.SQLErrorCodeSQLExceptionTranslator - Translating SQLException with SQL state &apos;23000&apos;, error code &apos;1452&apos;, message [Cannot add or update a child row: a foreign key constraint fails (`mysshbook`.`t_order`, CONSTRAINT `FK_order_user` FOREIGN KEY (`orderUser`) REFERENCES `t_user` (`id`))] for task [
### Error updating database.  Cause: java.sql.SQLIntegrityConstraintViolationException: Cannot add or update a child row: a foreign key constraint fails (`mysshbook`.`t_order`, CONSTRAINT `FK_order_user` FOREIGN KEY (`orderUser`) REFERENCES `t_user` (`id`))
### The error may exist in top/keyle/mapper/OrderMapper.xml
### The error may involve top.keyle.mapper.OrderMapper.addOrder-Inline
### The error occurred while setting parameters
### SQL: insert into t_order          ( orderNo,             orderDate,             orderUser,             orderMoney,             orderStatus )          values          ( ?,             ?,             ?,             ?,             ? )
### Cause: java.sql.SQLIntegrityConstraintViolationException: Cannot add or update a child row: a foreign key constraint fails (`mysshbook`.`t_order`, CONSTRAINT `FK_order_user` FOREIGN KEY (`orderUser`) REFERENCES `t_user` (`id`))
]
Transaction synchronization deregistering SqlSession [org.apache.ibatis.session.defaults.DefaultSqlSession@1a3e5f23]
Transaction synchronization closing SqlSession [org.apache.ibatis.session.defaults.DefaultSqlSession@1a3e5f23]
11:48:29.580 [main] DEBUG org.springframework.jdbc.datasource.DataSourceTransactionManager - Initiating transaction rollback
11:48:29.581 [main] DEBUG org.springframework.jdbc.datasource.DataSourceTransactionManager - Rolling back JDBC transaction on Connection [com.mysql.cj.jdbc.ConnectionImpl@131fcb6f]
11:48:29.628 [main] DEBUG org.springframework.jdbc.datasource.DataSourceTransactionManager - Releasing JDBC Connection [com.mysql.cj.jdbc.ConnectionImpl@131fcb6f] after transaction
11:48:29.628 [main] DEBUG org.springframework.test.context.cache.DefaultCacheAwareContextLoaderDelegate - Retrieved ApplicationContext [836220863] from cache with key [[MergedContextConfiguration@7c0c77c7 testClass = MyTest, locations = &apos;{classpath:applicationContext_mapper.xml, classpath:applicationContext_service.xml}&apos;, classes = &apos;{}&apos;, contextInitializerClasses = &apos;[]&apos;, activeProfiles = &apos;{}&apos;, propertySourceLocations = &apos;{}&apos;, propertySourceProperties = &apos;{}&apos;, contextCustomizers = set[[empty]], contextLoader = &apos;org.springframework.test.context.support.DelegatingSmartContextLoader&apos;, parent = [null]]]
11:48:29.629 [main] DEBUG org.springframework.test.context.cache - Spring test ApplicationContext cache statistics: [DefaultContextCache@33a053d size = 1, maxSize = 32, parentContextCount = 0, hitCount = 22, missCount = 1]
11:48:29.631 [main] DEBUG org.springframework.test.context.cache.DefaultCacheAwareContextLoaderDelegate - Retrieved ApplicationContext [836220863] from cache with key [[MergedContextConfiguration@7c0c77c7 testClass = MyTest, locations = &apos;{classpath:applicationContext_mapper.xml, classpath:applicationContext_service.xml}&apos;, classes = &apos;{}&apos;, contextInitializerClasses = &apos;[]&apos;, activeProfiles = &apos;{}&apos;, propertySourceLocations = &apos;{}&apos;, propertySourceProperties = &apos;{}&apos;, contextCustomizers = set[[empty]], contextLoader = &apos;org.springframework.test.context.support.DelegatingSmartContextLoader&apos;, parent = [null]]]
11:48:29.631 [main] DEBUG org.springframework.test.context.cache - Spring test ApplicationContext cache statistics: [DefaultContextCache@33a053d size = 1, maxSize = 32, parentContextCount = 0, hitCount = 23, missCount = 1]
11:48:29.633 [main] DEBUG org.springframework.test.context.support.AbstractDirtiesContextTestExecutionListener - After test method: context [DefaultTestContext@48aaecc3 testClass = MyTest, testInstance = MyTest@73017a80, testMethod = addOrder@MyTest, testException = org.springframework.dao.DataIntegrityViolationException: 
### Error updating database.  Cause: java.sql.SQLIntegrityConstraintViolationException: Cannot add or update a child row: a foreign key constraint fails (`mysshbook`.`t_order`, CONSTRAINT `FK_order_user` FOREIGN KEY (`orderUser`) REFERENCES `t_user` (`id`))
### The error may exist in top/keyle/mapper/OrderMapper.xml
### The error may involve top.keyle.mapper.OrderMapper.addOrder-Inline
### The error occurred while setting parameters
### SQL: insert into t_order          ( orderNo,             orderDate,             orderUser,             orderMoney,             orderStatus )          values          ( ?,             ?,             ?,             ?,             ? )
### Cause: java.sql.SQLIntegrityConstraintViolationException: Cannot add or update a child row: a foreign key constraint fails (`mysshbook`.`t_order`, CONSTRAINT `FK_order_user` FOREIGN KEY (`orderUser`) REFERENCES `t_user` (`id`))
; Cannot add or update a child row: a foreign key constraint fails (`mysshbook`.`t_order`, CONSTRAINT `FK_order_user` FOREIGN KEY (`orderUser`) REFERENCES `t_user` (`id`)); nested exception is java.sql.SQLIntegrityConstraintViolationException: Cannot add or update a child row: a foreign key constraint fails (`mysshbook`.`t_order`, CONSTRAINT `FK_order_user` FOREIGN KEY (`orderUser`) REFERENCES `t_user` (`id`)), mergedContextConfiguration = [MergedContextConfiguration@7c0c77c7 testClass = MyTest, locations = &apos;{classpath:applicationContext_mapper.xml, classpath:applicationContext_service.xml}&apos;, classes = &apos;{}&apos;, contextInitializerClasses = &apos;[]&apos;, activeProfiles = &apos;{}&apos;, propertySourceLocations = &apos;{}&apos;, propertySourceProperties = &apos;{}&apos;, contextCustomizers = set[[empty]], contextLoader = &apos;org.springframework.test.context.support.DelegatingSmartContextLoader&apos;, parent = [null]], attributes = map[&apos;org.springframework.test.context.event.ApplicationEventsTestExecutionListener.recordApplicationEvents&apos; -&gt; false]], class annotated with @DirtiesContext [false] with mode [null], method annotated with @DirtiesContext [false] with mode [null].
</system-out>
  </testcase>
  <testcase classname="MyTest" name="addBook" time="0.156"/>
  <testcase classname="MyTest" name="deleteOrder" time="0.108"/>
  <testcase classname="MyTest" name="buyCount" time="0.108"/>
  <testcase classname="MyTest" name="addCartItem" time="0.251">
    <error message="
### Error updating database.  Cause: java.sql.SQLIntegrityConstraintViolationException: Cannot add or update a child row: a foreign key constraint fails (`mysshbook`.`t_cart_item`, CONSTRAINT `FK_cart_user` FOREIGN KEY (`userBean`) REFERENCES `t_user` (`id`))
### The error may exist in top/keyle/mapper/CartItemMapper.xml
### The error may involve top.keyle.mapper.CartItemMapper.addCartItem-Inline
### The error occurred while setting parameters
### SQL: insert into t_cart_item          ( book,             buyCount,             userBean )          values          ( ?,             ?,             ? )
### Cause: java.sql.SQLIntegrityConstraintViolationException: Cannot add or update a child row: a foreign key constraint fails (`mysshbook`.`t_cart_item`, CONSTRAINT `FK_cart_user` FOREIGN KEY (`userBean`) REFERENCES `t_user` (`id`))
; Cannot add or update a child row: a foreign key constraint fails (`mysshbook`.`t_cart_item`, CONSTRAINT `FK_cart_user` FOREIGN KEY (`userBean`) REFERENCES `t_user` (`id`)); nested exception is java.sql.SQLIntegrityConstraintViolationException: Cannot add or update a child row: a foreign key constraint fails (`mysshbook`.`t_cart_item`, CONSTRAINT `FK_cart_user` FOREIGN KEY (`userBean`) REFERENCES `t_user` (`id`))" type="org.springframework.dao.DataIntegrityViolationException">org.springframework.dao.DataIntegrityViolationException: 
### Error updating database.  Cause: java.sql.SQLIntegrityConstraintViolationException: Cannot add or update a child row: a foreign key constraint fails (`mysshbook`.`t_cart_item`, CONSTRAINT `FK_cart_user` FOREIGN KEY (`userBean`) REFERENCES `t_user` (`id`))
### The error may exist in top/keyle/mapper/CartItemMapper.xml
### The error may involve top.keyle.mapper.CartItemMapper.addCartItem-Inline
### The error occurred while setting parameters
### SQL: insert into t_cart_item          ( book,             buyCount,             userBean )          values          ( ?,             ?,             ? )
### Cause: java.sql.SQLIntegrityConstraintViolationException: Cannot add or update a child row: a foreign key constraint fails (`mysshbook`.`t_cart_item`, CONSTRAINT `FK_cart_user` FOREIGN KEY (`userBean`) REFERENCES `t_user` (`id`))
; Cannot add or update a child row: a foreign key constraint fails (`mysshbook`.`t_cart_item`, CONSTRAINT `FK_cart_user` FOREIGN KEY (`userBean`) REFERENCES `t_user` (`id`)); nested exception is java.sql.SQLIntegrityConstraintViolationException: Cannot add or update a child row: a foreign key constraint fails (`mysshbook`.`t_cart_item`, CONSTRAINT `FK_cart_user` FOREIGN KEY (`userBean`) REFERENCES `t_user` (`id`))
	at org.springframework.jdbc.support.SQLErrorCodeSQLExceptionTranslator.doTranslate(SQLErrorCodeSQLExceptionTranslator.java:251)
	at org.springframework.jdbc.support.AbstractFallbackSQLExceptionTranslator.translate(AbstractFallbackSQLExceptionTranslator.java:70)
	at org.mybatis.spring.MyBatisExceptionTranslator.translateExceptionIfPossible(MyBatisExceptionTranslator.java:91)
	at org.mybatis.spring.SqlSessionTemplate$SqlSessionInterceptor.invoke(SqlSessionTemplate.java:441)
	at jdk.proxy2/jdk.proxy2.$Proxy22.insert(Unknown Source)
	at org.mybatis.spring.SqlSessionTemplate.insert(SqlSessionTemplate.java:272)
	at org.apache.ibatis.binding.MapperMethod.execute(MapperMethod.java:62)
	at org.apache.ibatis.binding.MapperProxy$PlainMethodInvoker.invoke(MapperProxy.java:145)
	at org.apache.ibatis.binding.MapperProxy.invoke(MapperProxy.java:86)
	at jdk.proxy2/jdk.proxy2.$Proxy28.addCartItem(Unknown Source)
	at top.keyle.service.serviceImpl.CartItemServiceImpl.addCartItem(CartItemServiceImpl.java:34)
	at java.base/jdk.internal.reflect.NativeMethodAccessorImpl.invoke0(Native Method)
	at java.base/jdk.internal.reflect.NativeMethodAccessorImpl.invoke(NativeMethodAccessorImpl.java:77)
	at java.base/jdk.internal.reflect.DelegatingMethodAccessorImpl.invoke(DelegatingMethodAccessorImpl.java:43)
	at java.base/java.lang.reflect.Method.invoke(Method.java:568)
	at org.springframework.aop.support.AopUtils.invokeJoinpointUsingReflection(AopUtils.java:344)
	at org.springframework.aop.framework.ReflectiveMethodInvocation.invokeJoinpoint(ReflectiveMethodInvocation.java:198)
	at org.springframework.aop.framework.ReflectiveMethodInvocation.proceed(ReflectiveMethodInvocation.java:163)
	at org.springframework.transaction.interceptor.TransactionInterceptor$1.proceedWithInvocation(TransactionInterceptor.java:123)
	at org.springframework.transaction.interceptor.TransactionAspectSupport.invokeWithinTransaction(TransactionAspectSupport.java:388)
	at org.springframework.transaction.interceptor.TransactionInterceptor.invoke(TransactionInterceptor.java:119)
	at org.springframework.aop.framework.ReflectiveMethodInvocation.proceed(ReflectiveMethodInvocation.java:186)
	at org.springframework.aop.interceptor.ExposeInvocationInterceptor.invoke(ExposeInvocationInterceptor.java:97)
	at org.springframework.aop.framework.ReflectiveMethodInvocation.proceed(ReflectiveMethodInvocation.java:186)
	at org.springframework.aop.framework.JdkDynamicAopProxy.invoke(JdkDynamicAopProxy.java:215)
	at jdk.proxy2/jdk.proxy2.$Proxy29.addCartItem(Unknown Source)
	at MyTest.addCartItem(MyTest.java:117)
	at java.base/jdk.internal.reflect.NativeMethodAccessorImpl.invoke0(Native Method)
	at java.base/jdk.internal.reflect.NativeMethodAccessorImpl.invoke(NativeMethodAccessorImpl.java:77)
	at java.base/jdk.internal.reflect.DelegatingMethodAccessorImpl.invoke(DelegatingMethodAccessorImpl.java:43)
	at java.base/java.lang.reflect.Method.invoke(Method.java:568)
	at org.junit.runners.model.FrameworkMethod$1.runReflectiveCall(FrameworkMethod.java:59)
	at org.junit.internal.runners.model.ReflectiveCallable.run(ReflectiveCallable.java:12)
	at org.junit.runners.model.FrameworkMethod.invokeExplosively(FrameworkMethod.java:56)
	at org.junit.internal.runners.statements.InvokeMethod.evaluate(InvokeMethod.java:17)
	at org.springframework.test.context.junit4.statements.RunBeforeTestExecutionCallbacks.evaluate(RunBeforeTestExecutionCallbacks.java:74)
	at org.springframework.test.context.junit4.statements.RunAfterTestExecutionCallbacks.evaluate(RunAfterTestExecutionCallbacks.java:84)
	at org.springframework.test.context.junit4.statements.RunBeforeTestMethodCallbacks.evaluate(RunBeforeTestMethodCallbacks.java:75)
	at org.springframework.test.context.junit4.statements.RunAfterTestMethodCallbacks.evaluate(RunAfterTestMethodCallbacks.java:86)
	at org.springframework.test.context.junit4.statements.SpringRepeat.evaluate(SpringRepeat.java:84)
	at org.junit.runners.ParentRunner.runLeaf(ParentRunner.java:366)
	at org.springframework.test.context.junit4.SpringJUnit4ClassRunner.runChild(SpringJUnit4ClassRunner.java:251)
	at org.springframework.test.context.junit4.SpringJUnit4ClassRunner.runChild(SpringJUnit4ClassRunner.java:97)
	at org.junit.runners.ParentRunner$4.run(ParentRunner.java:331)
	at org.junit.runners.ParentRunner$1.schedule(ParentRunner.java:79)
	at org.junit.runners.ParentRunner.runChildren(ParentRunner.java:329)
	at org.junit.runners.ParentRunner.access$100(ParentRunner.java:66)
	at org.junit.runners.ParentRunner$2.evaluate(ParentRunner.java:293)
	at org.springframework.test.context.junit4.statements.RunBeforeTestClassCallbacks.evaluate(RunBeforeTestClassCallbacks.java:61)
	at org.springframework.test.context.junit4.statements.RunAfterTestClassCallbacks.evaluate(RunAfterTestClassCallbacks.java:70)
	at org.junit.runners.ParentRunner$3.evaluate(ParentRunner.java:306)
	at org.junit.runners.ParentRunner.run(ParentRunner.java:413)
	at org.springframework.test.context.junit4.SpringJUnit4ClassRunner.run(SpringJUnit4ClassRunner.java:190)
	at org.apache.maven.surefire.junit4.JUnit4Provider.execute(JUnit4Provider.java:252)
	at org.apache.maven.surefire.junit4.JUnit4Provider.executeTestSet(JUnit4Provider.java:141)
	at org.apache.maven.surefire.junit4.JUnit4Provider.invoke(JUnit4Provider.java:112)
	at java.base/jdk.internal.reflect.NativeMethodAccessorImpl.invoke0(Native Method)
	at java.base/jdk.internal.reflect.NativeMethodAccessorImpl.invoke(NativeMethodAccessorImpl.java:77)
	at java.base/jdk.internal.reflect.DelegatingMethodAccessorImpl.invoke(DelegatingMethodAccessorImpl.java:43)
	at java.base/java.lang.reflect.Method.invoke(Method.java:568)
	at org.apache.maven.surefire.util.ReflectionUtils.invokeMethodWithArray(ReflectionUtils.java:189)
	at org.apache.maven.surefire.booter.ProviderFactory$ProviderProxy.invoke(ProviderFactory.java:165)
	at org.apache.maven.surefire.booter.ProviderFactory.invokeProvider(ProviderFactory.java:85)
	at org.apache.maven.surefire.booter.ForkedBooter.runSuitesInProcess(ForkedBooter.java:115)
	at org.apache.maven.surefire.booter.ForkedBooter.main(ForkedBooter.java:75)
Caused by: java.sql.SQLIntegrityConstraintViolationException: Cannot add or update a child row: a foreign key constraint fails (`mysshbook`.`t_cart_item`, CONSTRAINT `FK_cart_user` FOREIGN KEY (`userBean`) REFERENCES `t_user` (`id`))
	at com.mysql.cj.jdbc.exceptions.SQLError.createSQLException(SQLError.java:117)
	at com.mysql.cj.jdbc.exceptions.SQLExceptionsMapping.translateException(SQLExceptionsMapping.java:122)
	at com.mysql.cj.jdbc.ClientPreparedStatement.executeInternal(ClientPreparedStatement.java:953)
	at com.mysql.cj.jdbc.ClientPreparedStatement.execute(ClientPreparedStatement.java:371)
	at com.alibaba.druid.pool.DruidPooledPreparedStatement.execute(DruidPooledPreparedStatement.java:497)
	at java.base/jdk.internal.reflect.NativeMethodAccessorImpl.invoke0(Native Method)
	at java.base/jdk.internal.reflect.NativeMethodAccessorImpl.invoke(NativeMethodAccessorImpl.java:77)
	at java.base/jdk.internal.reflect.DelegatingMethodAccessorImpl.invoke(DelegatingMethodAccessorImpl.java:43)
	at java.base/java.lang.reflect.Method.invoke(Method.java:568)
	at org.apache.ibatis.logging.jdbc.PreparedStatementLogger.invoke(PreparedStatementLogger.java:59)
	at jdk.proxy3/jdk.proxy3.$Proxy37.execute(Unknown Source)
	at org.apache.ibatis.executor.statement.PreparedStatementHandler.update(PreparedStatementHandler.java:47)
	at org.apache.ibatis.executor.statement.RoutingStatementHandler.update(RoutingStatementHandler.java:74)
	at org.apache.ibatis.executor.SimpleExecutor.doUpdate(SimpleExecutor.java:50)
	at org.apache.ibatis.executor.BaseExecutor.update(BaseExecutor.java:117)
	at org.apache.ibatis.executor.CachingExecutor.update(CachingExecutor.java:76)
	at org.apache.ibatis.session.defaults.DefaultSqlSession.update(DefaultSqlSession.java:194)
	at org.apache.ibatis.session.defaults.DefaultSqlSession.insert(DefaultSqlSession.java:181)
	at java.base/jdk.internal.reflect.NativeMethodAccessorImpl.invoke0(Native Method)
	at java.base/jdk.internal.reflect.NativeMethodAccessorImpl.invoke(NativeMethodAccessorImpl.java:77)
	at java.base/jdk.internal.reflect.DelegatingMethodAccessorImpl.invoke(DelegatingMethodAccessorImpl.java:43)
	at java.base/java.lang.reflect.Method.invoke(Method.java:568)
	at org.mybatis.spring.SqlSessionTemplate$SqlSessionInterceptor.invoke(SqlSessionTemplate.java:427)
	... 61 more
</error>
    <system-out>11:48:30.058 [main] DEBUG org.springframework.test.annotation.ProfileValueUtils - Retrieved @ProfileValueSourceConfiguration [null] for test class [MyTest]
11:48:30.058 [main] DEBUG org.springframework.test.annotation.ProfileValueUtils - Retrieved ProfileValueSource type [class org.springframework.test.annotation.SystemProfileValueSource] for class [MyTest]
11:48:30.059 [main] DEBUG org.springframework.test.context.support.DependencyInjectionTestExecutionListener - Performing dependency injection for test context [[DefaultTestContext@48aaecc3 testClass = MyTest, testInstance = MyTest@238acd0b, testMethod = [null], testException = [null], mergedContextConfiguration = [MergedContextConfiguration@7c0c77c7 testClass = MyTest, locations = &apos;{classpath:applicationContext_mapper.xml, classpath:applicationContext_service.xml}&apos;, classes = &apos;{}&apos;, contextInitializerClasses = &apos;[]&apos;, activeProfiles = &apos;{}&apos;, propertySourceLocations = &apos;{}&apos;, propertySourceProperties = &apos;{}&apos;, contextCustomizers = set[[empty]], contextLoader = &apos;org.springframework.test.context.support.DelegatingSmartContextLoader&apos;, parent = [null]], attributes = map[&apos;org.springframework.test.context.event.ApplicationEventsTestExecutionListener.recordApplicationEvents&apos; -&gt; false]]].
11:48:30.060 [main] DEBUG org.springframework.test.context.cache.DefaultCacheAwareContextLoaderDelegate - Retrieved ApplicationContext [836220863] from cache with key [[MergedContextConfiguration@7c0c77c7 testClass = MyTest, locations = &apos;{classpath:applicationContext_mapper.xml, classpath:applicationContext_service.xml}&apos;, classes = &apos;{}&apos;, contextInitializerClasses = &apos;[]&apos;, activeProfiles = &apos;{}&apos;, propertySourceLocations = &apos;{}&apos;, propertySourceProperties = &apos;{}&apos;, contextCustomizers = set[[empty]], contextLoader = &apos;org.springframework.test.context.support.DelegatingSmartContextLoader&apos;, parent = [null]]]
11:48:30.060 [main] DEBUG org.springframework.test.context.cache - Spring test ApplicationContext cache statistics: [DefaultContextCache@33a053d size = 1, maxSize = 32, parentContextCount = 0, hitCount = 42, missCount = 1]
11:48:30.062 [main] DEBUG org.springframework.test.context.cache.DefaultCacheAwareContextLoaderDelegate - Retrieved ApplicationContext [836220863] from cache with key [[MergedContextConfiguration@7c0c77c7 testClass = MyTest, locations = &apos;{classpath:applicationContext_mapper.xml, classpath:applicationContext_service.xml}&apos;, classes = &apos;{}&apos;, contextInitializerClasses = &apos;[]&apos;, activeProfiles = &apos;{}&apos;, propertySourceLocations = &apos;{}&apos;, propertySourceProperties = &apos;{}&apos;, contextCustomizers = set[[empty]], contextLoader = &apos;org.springframework.test.context.support.DelegatingSmartContextLoader&apos;, parent = [null]]]
11:48:30.063 [main] DEBUG org.springframework.test.context.cache - Spring test ApplicationContext cache statistics: [DefaultContextCache@33a053d size = 1, maxSize = 32, parentContextCount = 0, hitCount = 43, missCount = 1]
11:48:30.065 [main] DEBUG org.springframework.test.context.support.AbstractDirtiesContextTestExecutionListener - Before test method: context [DefaultTestContext@48aaecc3 testClass = MyTest, testInstance = MyTest@238acd0b, testMethod = addCartItem@MyTest, testException = [null], mergedContextConfiguration = [MergedContextConfiguration@7c0c77c7 testClass = MyTest, locations = &apos;{classpath:applicationContext_mapper.xml, classpath:applicationContext_service.xml}&apos;, classes = &apos;{}&apos;, contextInitializerClasses = &apos;[]&apos;, activeProfiles = &apos;{}&apos;, propertySourceLocations = &apos;{}&apos;, propertySourceProperties = &apos;{}&apos;, contextCustomizers = set[[empty]], contextLoader = &apos;org.springframework.test.context.support.DelegatingSmartContextLoader&apos;, parent = [null]], attributes = map[&apos;org.springframework.test.context.event.ApplicationEventsTestExecutionListener.recordApplicationEvents&apos; -&gt; false]], class annotated with @DirtiesContext [false] with mode [null], method annotated with @DirtiesContext [false] with mode [null].
11:48:30.066 [main] DEBUG org.springframework.test.context.cache.DefaultCacheAwareContextLoaderDelegate - Retrieved ApplicationContext [836220863] from cache with key [[MergedContextConfiguration@7c0c77c7 testClass = MyTest, locations = &apos;{classpath:applicationContext_mapper.xml, classpath:applicationContext_service.xml}&apos;, classes = &apos;{}&apos;, contextInitializerClasses = &apos;[]&apos;, activeProfiles = &apos;{}&apos;, propertySourceLocations = &apos;{}&apos;, propertySourceProperties = &apos;{}&apos;, contextCustomizers = set[[empty]], contextLoader = &apos;org.springframework.test.context.support.DelegatingSmartContextLoader&apos;, parent = [null]]]
11:48:30.066 [main] DEBUG org.springframework.test.context.cache - Spring test ApplicationContext cache statistics: [DefaultContextCache@33a053d size = 1, maxSize = 32, parentContextCount = 0, hitCount = 44, missCount = 1]
11:48:30.067 [main] DEBUG org.springframework.test.context.cache.DefaultCacheAwareContextLoaderDelegate - Retrieved ApplicationContext [836220863] from cache with key [[MergedContextConfiguration@7c0c77c7 testClass = MyTest, locations = &apos;{classpath:applicationContext_mapper.xml, classpath:applicationContext_service.xml}&apos;, classes = &apos;{}&apos;, contextInitializerClasses = &apos;[]&apos;, activeProfiles = &apos;{}&apos;, propertySourceLocations = &apos;{}&apos;, propertySourceProperties = &apos;{}&apos;, contextCustomizers = set[[empty]], contextLoader = &apos;org.springframework.test.context.support.DelegatingSmartContextLoader&apos;, parent = [null]]]
11:48:30.067 [main] DEBUG org.springframework.test.context.cache - Spring test ApplicationContext cache statistics: [DefaultContextCache@33a053d size = 1, maxSize = 32, parentContextCount = 0, hitCount = 45, missCount = 1]
11:48:30.068 [main] DEBUG org.springframework.jdbc.datasource.DataSourceTransactionManager - Creating new transaction with name [top.keyle.service.serviceImpl.BookServiceImpl.selectBook]: PROPAGATION_REQUIRED,ISOLATION_DEFAULT,readOnly
11:48:30.068 [main] DEBUG org.springframework.jdbc.datasource.DataSourceTransactionManager - Acquired Connection [com.mysql.cj.jdbc.ConnectionImpl@131fcb6f] for JDBC transaction
11:48:30.069 [main] DEBUG org.springframework.jdbc.datasource.DataSourceUtils - Setting JDBC Connection [com.mysql.cj.jdbc.ConnectionImpl@131fcb6f] read-only
11:48:30.087 [main] DEBUG org.springframework.jdbc.datasource.DataSourceTransactionManager - Switching JDBC Connection [com.mysql.cj.jdbc.ConnectionImpl@131fcb6f] to manual commit
Creating a new SqlSession
Registering transaction synchronization for SqlSession [org.apache.ibatis.session.defaults.DefaultSqlSession@23811a09]
JDBC Connection [com.mysql.cj.jdbc.ConnectionImpl@131fcb6f] will be managed by Spring
==&gt;  Preparing: select id ,bookImg,bookName,price,author,saleCount,bookCount from t_book where id = ?
==&gt; Parameters: 1(Integer)
&lt;==    Columns: id, bookImg, bookName, price, author, saleCount, bookCount
&lt;==        Row: 1, a.jpg, ��ë���˼�, 25.8, �Ű���, 0, 100
&lt;==      Total: 1
Releasing transactional SqlSession [org.apache.ibatis.session.defaults.DefaultSqlSession@23811a09]
Transaction synchronization committing SqlSession [org.apache.ibatis.session.defaults.DefaultSqlSession@23811a09]
Transaction synchronization deregistering SqlSession [org.apache.ibatis.session.defaults.DefaultSqlSession@23811a09]
Transaction synchronization closing SqlSession [org.apache.ibatis.session.defaults.DefaultSqlSession@23811a09]
11:48:30.133 [main] DEBUG org.springframework.jdbc.datasource.DataSourceTransactionManager - Initiating transaction commit
11:48:30.133 [main] DEBUG org.springframework.jdbc.datasource.DataSourceTransactionManager - Committing JDBC transaction on Connection [com.mysql.cj.jdbc.ConnectionImpl@131fcb6f]
11:48:30.165 [main] DEBUG org.springframework.jdbc.datasource.DataSourceUtils - Resetting read-only flag of JDBC Connection [com.mysql.cj.jdbc.ConnectionImpl@131fcb6f]
11:48:30.181 [main] DEBUG org.springframework.jdbc.datasource.DataSourceTransactionManager - Releasing JDBC Connection [com.mysql.cj.jdbc.ConnectionImpl@131fcb6f] after transaction
11:48:30.183 [main] DEBUG org.springframework.jdbc.datasource.DataSourceTransactionManager - Creating new transaction with name [top.keyle.service.serviceImpl.CartItemServiceImpl.addCartItem]: PROPAGATION_REQUIRED,ISOLATION_DEFAULT
11:48:30.183 [main] DEBUG org.springframework.jdbc.datasource.DataSourceTransactionManager - Acquired Connection [com.mysql.cj.jdbc.ConnectionImpl@131fcb6f] for JDBC transaction
11:48:30.183 [main] DEBUG org.springframework.jdbc.datasource.DataSourceTransactionManager - Switching JDBC Connection [com.mysql.cj.jdbc.ConnectionImpl@131fcb6f] to manual commit
Creating a new SqlSession
Registering transaction synchronization for SqlSession [org.apache.ibatis.session.defaults.DefaultSqlSession@f4c0e4e]
JDBC Connection [com.mysql.cj.jdbc.ConnectionImpl@131fcb6f] will be managed by Spring
==&gt;  Preparing: insert into t_cart_item ( book, buyCount, userBean ) values ( ?, ?, ? )
==&gt; Parameters: 1(Integer), 20(Integer), 1(Integer)
Releasing transactional SqlSession [org.apache.ibatis.session.defaults.DefaultSqlSession@f4c0e4e]
11:48:30.248 [main] DEBUG org.springframework.jdbc.support.SQLErrorCodesFactory - Looking up default SQLErrorCodes for DataSource [com.alibaba.druid.pool.DruidDataSource@790132f7]
11:48:30.248 [main] DEBUG org.springframework.jdbc.support.SQLErrorCodesFactory - SQLErrorCodes found in cache for DataSource [com.alibaba.druid.pool.DruidDataSource@790132f7]
11:48:30.248 [main] DEBUG org.springframework.jdbc.support.SQLErrorCodeSQLExceptionTranslator - Translating SQLException with SQL state &apos;23000&apos;, error code &apos;1452&apos;, message [Cannot add or update a child row: a foreign key constraint fails (`mysshbook`.`t_cart_item`, CONSTRAINT `FK_cart_user` FOREIGN KEY (`userBean`) REFERENCES `t_user` (`id`))] for task [
### Error updating database.  Cause: java.sql.SQLIntegrityConstraintViolationException: Cannot add or update a child row: a foreign key constraint fails (`mysshbook`.`t_cart_item`, CONSTRAINT `FK_cart_user` FOREIGN KEY (`userBean`) REFERENCES `t_user` (`id`))
### The error may exist in top/keyle/mapper/CartItemMapper.xml
### The error may involve top.keyle.mapper.CartItemMapper.addCartItem-Inline
### The error occurred while setting parameters
### SQL: insert into t_cart_item          ( book,             buyCount,             userBean )          values          ( ?,             ?,             ? )
### Cause: java.sql.SQLIntegrityConstraintViolationException: Cannot add or update a child row: a foreign key constraint fails (`mysshbook`.`t_cart_item`, CONSTRAINT `FK_cart_user` FOREIGN KEY (`userBean`) REFERENCES `t_user` (`id`))
]
Transaction synchronization deregistering SqlSession [org.apache.ibatis.session.defaults.DefaultSqlSession@f4c0e4e]
Transaction synchronization closing SqlSession [org.apache.ibatis.session.defaults.DefaultSqlSession@f4c0e4e]
11:48:30.250 [main] DEBUG org.springframework.jdbc.datasource.DataSourceTransactionManager - Initiating transaction rollback
11:48:30.250 [main] DEBUG org.springframework.jdbc.datasource.DataSourceTransactionManager - Rolling back JDBC transaction on Connection [com.mysql.cj.jdbc.ConnectionImpl@131fcb6f]
11:48:30.289 [main] DEBUG org.springframework.jdbc.datasource.DataSourceTransactionManager - Releasing JDBC Connection [com.mysql.cj.jdbc.ConnectionImpl@131fcb6f] after transaction
11:48:30.290 [main] DEBUG org.springframework.test.context.cache.DefaultCacheAwareContextLoaderDelegate - Retrieved ApplicationContext [836220863] from cache with key [[MergedContextConfiguration@7c0c77c7 testClass = MyTest, locations = &apos;{classpath:applicationContext_mapper.xml, classpath:applicationContext_service.xml}&apos;, classes = &apos;{}&apos;, contextInitializerClasses = &apos;[]&apos;, activeProfiles = &apos;{}&apos;, propertySourceLocations = &apos;{}&apos;, propertySourceProperties = &apos;{}&apos;, contextCustomizers = set[[empty]], contextLoader = &apos;org.springframework.test.context.support.DelegatingSmartContextLoader&apos;, parent = [null]]]
11:48:30.291 [main] DEBUG org.springframework.test.context.cache - Spring test ApplicationContext cache statistics: [DefaultContextCache@33a053d size = 1, maxSize = 32, parentContextCount = 0, hitCount = 46, missCount = 1]
11:48:30.291 [main] DEBUG org.springframework.test.context.cache.DefaultCacheAwareContextLoaderDelegate - Retrieved ApplicationContext [836220863] from cache with key [[MergedContextConfiguration@7c0c77c7 testClass = MyTest, locations = &apos;{classpath:applicationContext_mapper.xml, classpath:applicationContext_service.xml}&apos;, classes = &apos;{}&apos;, contextInitializerClasses = &apos;[]&apos;, activeProfiles = &apos;{}&apos;, propertySourceLocations = &apos;{}&apos;, propertySourceProperties = &apos;{}&apos;, contextCustomizers = set[[empty]], contextLoader = &apos;org.springframework.test.context.support.DelegatingSmartContextLoader&apos;, parent = [null]]]
11:48:30.291 [main] DEBUG org.springframework.test.context.cache - Spring test ApplicationContext cache statistics: [DefaultContextCache@33a053d size = 1, maxSize = 32, parentContextCount = 0, hitCount = 47, missCount = 1]
11:48:30.294 [main] DEBUG org.springframework.test.context.support.AbstractDirtiesContextTestExecutionListener - After test method: context [DefaultTestContext@48aaecc3 testClass = MyTest, testInstance = MyTest@238acd0b, testMethod = addCartItem@MyTest, testException = org.springframework.dao.DataIntegrityViolationException: 
### Error updating database.  Cause: java.sql.SQLIntegrityConstraintViolationException: Cannot add or update a child row: a foreign key constraint fails (`mysshbook`.`t_cart_item`, CONSTRAINT `FK_cart_user` FOREIGN KEY (`userBean`) REFERENCES `t_user` (`id`))
### The error may exist in top/keyle/mapper/CartItemMapper.xml
### The error may involve top.keyle.mapper.CartItemMapper.addCartItem-Inline
### The error occurred while setting parameters
### SQL: insert into t_cart_item          ( book,             buyCount,             userBean )          values          ( ?,             ?,             ? )
### Cause: java.sql.SQLIntegrityConstraintViolationException: Cannot add or update a child row: a foreign key constraint fails (`mysshbook`.`t_cart_item`, CONSTRAINT `FK_cart_user` FOREIGN KEY (`userBean`) REFERENCES `t_user` (`id`))
; Cannot add or update a child row: a foreign key constraint fails (`mysshbook`.`t_cart_item`, CONSTRAINT `FK_cart_user` FOREIGN KEY (`userBean`) REFERENCES `t_user` (`id`)); nested exception is java.sql.SQLIntegrityConstraintViolationException: Cannot add or update a child row: a foreign key constraint fails (`mysshbook`.`t_cart_item`, CONSTRAINT `FK_cart_user` FOREIGN KEY (`userBean`) REFERENCES `t_user` (`id`)), mergedContextConfiguration = [MergedContextConfiguration@7c0c77c7 testClass = MyTest, locations = &apos;{classpath:applicationContext_mapper.xml, classpath:applicationContext_service.xml}&apos;, classes = &apos;{}&apos;, contextInitializerClasses = &apos;[]&apos;, activeProfiles = &apos;{}&apos;, propertySourceLocations = &apos;{}&apos;, propertySourceProperties = &apos;{}&apos;, contextCustomizers = set[[empty]], contextLoader = &apos;org.springframework.test.context.support.DelegatingSmartContextLoader&apos;, parent = [null]], attributes = map[&apos;org.springframework.test.context.event.ApplicationEventsTestExecutionListener.recordApplicationEvents&apos; -&gt; false]], class annotated with @DirtiesContext [false] with mode [null], method annotated with @DirtiesContext [false] with mode [null].
</system-out>
  </testcase>
  <testcase classname="MyTest" name="selectOrderList" time="0.111"/>
  <testcase classname="MyTest" name="batchDeleteCartItem" time="0.121"/>
  <testcase classname="MyTest" name="update" time="0.119"/>
  <testcase classname="MyTest" name="addOrderItem" time="0.137">
    <error message="
### Error updating database.  Cause: java.sql.SQLIntegrityConstraintViolationException: Cannot add or update a child row: a foreign key constraint fails (`mysshbook`.`t_order_item`, CONSTRAINT `FK_detail_order` FOREIGN KEY (`orderBean`) REFERENCES `t_order` (`id`))
### The error may exist in top/keyle/mapper/OrderItemMapper.xml
### The error may involve top.keyle.mapper.OrderItemMapper.addOrderItem-Inline
### The error occurred while setting parameters
### SQL: insert into t_order_item          ( book,             buyCount,             orderBean )          values          ( ?,             ?,             ? )
### Cause: java.sql.SQLIntegrityConstraintViolationException: Cannot add or update a child row: a foreign key constraint fails (`mysshbook`.`t_order_item`, CONSTRAINT `FK_detail_order` FOREIGN KEY (`orderBean`) REFERENCES `t_order` (`id`))
; Cannot add or update a child row: a foreign key constraint fails (`mysshbook`.`t_order_item`, CONSTRAINT `FK_detail_order` FOREIGN KEY (`orderBean`) REFERENCES `t_order` (`id`)); nested exception is java.sql.SQLIntegrityConstraintViolationException: Cannot add or update a child row: a foreign key constraint fails (`mysshbook`.`t_order_item`, CONSTRAINT `FK_detail_order` FOREIGN KEY (`orderBean`) REFERENCES `t_order` (`id`))" type="org.springframework.dao.DataIntegrityViolationException">org.springframework.dao.DataIntegrityViolationException: 
### Error updating database.  Cause: java.sql.SQLIntegrityConstraintViolationException: Cannot add or update a child row: a foreign key constraint fails (`mysshbook`.`t_order_item`, CONSTRAINT `FK_detail_order` FOREIGN KEY (`orderBean`) REFERENCES `t_order` (`id`))
### The error may exist in top/keyle/mapper/OrderItemMapper.xml
### The error may involve top.keyle.mapper.OrderItemMapper.addOrderItem-Inline
### The error occurred while setting parameters
### SQL: insert into t_order_item          ( book,             buyCount,             orderBean )          values          ( ?,             ?,             ? )
### Cause: java.sql.SQLIntegrityConstraintViolationException: Cannot add or update a child row: a foreign key constraint fails (`mysshbook`.`t_order_item`, CONSTRAINT `FK_detail_order` FOREIGN KEY (`orderBean`) REFERENCES `t_order` (`id`))
; Cannot add or update a child row: a foreign key constraint fails (`mysshbook`.`t_order_item`, CONSTRAINT `FK_detail_order` FOREIGN KEY (`orderBean`) REFERENCES `t_order` (`id`)); nested exception is java.sql.SQLIntegrityConstraintViolationException: Cannot add or update a child row: a foreign key constraint fails (`mysshbook`.`t_order_item`, CONSTRAINT `FK_detail_order` FOREIGN KEY (`orderBean`) REFERENCES `t_order` (`id`))
	at org.springframework.jdbc.support.SQLErrorCodeSQLExceptionTranslator.doTranslate(SQLErrorCodeSQLExceptionTranslator.java:251)
	at org.springframework.jdbc.support.AbstractFallbackSQLExceptionTranslator.translate(AbstractFallbackSQLExceptionTranslator.java:70)
	at org.mybatis.spring.MyBatisExceptionTranslator.translateExceptionIfPossible(MyBatisExceptionTranslator.java:91)
	at org.mybatis.spring.SqlSessionTemplate$SqlSessionInterceptor.invoke(SqlSessionTemplate.java:441)
	at jdk.proxy2/jdk.proxy2.$Proxy22.insert(Unknown Source)
	at org.mybatis.spring.SqlSessionTemplate.insert(SqlSessionTemplate.java:272)
	at org.apache.ibatis.binding.MapperMethod.execute(MapperMethod.java:62)
	at org.apache.ibatis.binding.MapperProxy$PlainMethodInvoker.invoke(MapperProxy.java:145)
	at org.apache.ibatis.binding.MapperProxy.invoke(MapperProxy.java:86)
	at jdk.proxy2/jdk.proxy2.$Proxy30.addOrderItem(Unknown Source)
	at top.keyle.service.serviceImpl.OrderItemServiceImpl.addOrderItem(OrderItemServiceImpl.java:33)
	at java.base/jdk.internal.reflect.NativeMethodAccessorImpl.invoke0(Native Method)
	at java.base/jdk.internal.reflect.NativeMethodAccessorImpl.invoke(NativeMethodAccessorImpl.java:77)
	at java.base/jdk.internal.reflect.DelegatingMethodAccessorImpl.invoke(DelegatingMethodAccessorImpl.java:43)
	at java.base/java.lang.reflect.Method.invoke(Method.java:568)
	at org.springframework.aop.support.AopUtils.invokeJoinpointUsingReflection(AopUtils.java:344)
	at org.springframework.aop.framework.ReflectiveMethodInvocation.invokeJoinpoint(ReflectiveMethodInvocation.java:198)
	at org.springframework.aop.framework.ReflectiveMethodInvocation.proceed(ReflectiveMethodInvocation.java:163)
	at org.springframework.transaction.interceptor.TransactionInterceptor$1.proceedWithInvocation(TransactionInterceptor.java:123)
	at org.springframework.transaction.interceptor.TransactionAspectSupport.invokeWithinTransaction(TransactionAspectSupport.java:388)
	at org.springframework.transaction.interceptor.TransactionInterceptor.invoke(TransactionInterceptor.java:119)
	at org.springframework.aop.framework.ReflectiveMethodInvocation.proceed(ReflectiveMethodInvocation.java:186)
	at org.springframework.aop.interceptor.ExposeInvocationInterceptor.invoke(ExposeInvocationInterceptor.java:97)
	at org.springframework.aop.framework.ReflectiveMethodInvocation.proceed(ReflectiveMethodInvocation.java:186)
	at org.springframework.aop.framework.JdkDynamicAopProxy.invoke(JdkDynamicAopProxy.java:215)
	at jdk.proxy2/jdk.proxy2.$Proxy31.addOrderItem(Unknown Source)
	at MyTest.addOrderItem(MyTest.java:141)
	at java.base/jdk.internal.reflect.NativeMethodAccessorImpl.invoke0(Native Method)
	at java.base/jdk.internal.reflect.NativeMethodAccessorImpl.invoke(NativeMethodAccessorImpl.java:77)
	at java.base/jdk.internal.reflect.DelegatingMethodAccessorImpl.invoke(DelegatingMethodAccessorImpl.java:43)
	at java.base/java.lang.reflect.Method.invoke(Method.java:568)
	at org.junit.runners.model.FrameworkMethod$1.runReflectiveCall(FrameworkMethod.java:59)
	at org.junit.internal.runners.model.ReflectiveCallable.run(ReflectiveCallable.java:12)
	at org.junit.runners.model.FrameworkMethod.invokeExplosively(FrameworkMethod.java:56)
	at org.junit.internal.runners.statements.InvokeMethod.evaluate(InvokeMethod.java:17)
	at org.springframework.test.context.junit4.statements.RunBeforeTestExecutionCallbacks.evaluate(RunBeforeTestExecutionCallbacks.java:74)
	at org.springframework.test.context.junit4.statements.RunAfterTestExecutionCallbacks.evaluate(RunAfterTestExecutionCallbacks.java:84)
	at org.springframework.test.context.junit4.statements.RunBeforeTestMethodCallbacks.evaluate(RunBeforeTestMethodCallbacks.java:75)
	at org.springframework.test.context.junit4.statements.RunAfterTestMethodCallbacks.evaluate(RunAfterTestMethodCallbacks.java:86)
	at org.springframework.test.context.junit4.statements.SpringRepeat.evaluate(SpringRepeat.java:84)
	at org.junit.runners.ParentRunner.runLeaf(ParentRunner.java:366)
	at org.springframework.test.context.junit4.SpringJUnit4ClassRunner.runChild(SpringJUnit4ClassRunner.java:251)
	at org.springframework.test.context.junit4.SpringJUnit4ClassRunner.runChild(SpringJUnit4ClassRunner.java:97)
	at org.junit.runners.ParentRunner$4.run(ParentRunner.java:331)
	at org.junit.runners.ParentRunner$1.schedule(ParentRunner.java:79)
	at org.junit.runners.ParentRunner.runChildren(ParentRunner.java:329)
	at org.junit.runners.ParentRunner.access$100(ParentRunner.java:66)
	at org.junit.runners.ParentRunner$2.evaluate(ParentRunner.java:293)
	at org.springframework.test.context.junit4.statements.RunBeforeTestClassCallbacks.evaluate(RunBeforeTestClassCallbacks.java:61)
	at org.springframework.test.context.junit4.statements.RunAfterTestClassCallbacks.evaluate(RunAfterTestClassCallbacks.java:70)
	at org.junit.runners.ParentRunner$3.evaluate(ParentRunner.java:306)
	at org.junit.runners.ParentRunner.run(ParentRunner.java:413)
	at org.springframework.test.context.junit4.SpringJUnit4ClassRunner.run(SpringJUnit4ClassRunner.java:190)
	at org.apache.maven.surefire.junit4.JUnit4Provider.execute(JUnit4Provider.java:252)
	at org.apache.maven.surefire.junit4.JUnit4Provider.executeTestSet(JUnit4Provider.java:141)
	at org.apache.maven.surefire.junit4.JUnit4Provider.invoke(JUnit4Provider.java:112)
	at java.base/jdk.internal.reflect.NativeMethodAccessorImpl.invoke0(Native Method)
	at java.base/jdk.internal.reflect.NativeMethodAccessorImpl.invoke(NativeMethodAccessorImpl.java:77)
	at java.base/jdk.internal.reflect.DelegatingMethodAccessorImpl.invoke(DelegatingMethodAccessorImpl.java:43)
	at java.base/java.lang.reflect.Method.invoke(Method.java:568)
	at org.apache.maven.surefire.util.ReflectionUtils.invokeMethodWithArray(ReflectionUtils.java:189)
	at org.apache.maven.surefire.booter.ProviderFactory$ProviderProxy.invoke(ProviderFactory.java:165)
	at org.apache.maven.surefire.booter.ProviderFactory.invokeProvider(ProviderFactory.java:85)
	at org.apache.maven.surefire.booter.ForkedBooter.runSuitesInProcess(ForkedBooter.java:115)
	at org.apache.maven.surefire.booter.ForkedBooter.main(ForkedBooter.java:75)
Caused by: java.sql.SQLIntegrityConstraintViolationException: Cannot add or update a child row: a foreign key constraint fails (`mysshbook`.`t_order_item`, CONSTRAINT `FK_detail_order` FOREIGN KEY (`orderBean`) REFERENCES `t_order` (`id`))
	at com.mysql.cj.jdbc.exceptions.SQLError.createSQLException(SQLError.java:117)
	at com.mysql.cj.jdbc.exceptions.SQLExceptionsMapping.translateException(SQLExceptionsMapping.java:122)
	at com.mysql.cj.jdbc.ClientPreparedStatement.executeInternal(ClientPreparedStatement.java:953)
	at com.mysql.cj.jdbc.ClientPreparedStatement.execute(ClientPreparedStatement.java:371)
	at com.alibaba.druid.pool.DruidPooledPreparedStatement.execute(DruidPooledPreparedStatement.java:497)
	at java.base/jdk.internal.reflect.NativeMethodAccessorImpl.invoke0(Native Method)
	at java.base/jdk.internal.reflect.NativeMethodAccessorImpl.invoke(NativeMethodAccessorImpl.java:77)
	at java.base/jdk.internal.reflect.DelegatingMethodAccessorImpl.invoke(DelegatingMethodAccessorImpl.java:43)
	at java.base/java.lang.reflect.Method.invoke(Method.java:568)
	at org.apache.ibatis.logging.jdbc.PreparedStatementLogger.invoke(PreparedStatementLogger.java:59)
	at jdk.proxy3/jdk.proxy3.$Proxy37.execute(Unknown Source)
	at org.apache.ibatis.executor.statement.PreparedStatementHandler.update(PreparedStatementHandler.java:47)
	at org.apache.ibatis.executor.statement.RoutingStatementHandler.update(RoutingStatementHandler.java:74)
	at org.apache.ibatis.executor.SimpleExecutor.doUpdate(SimpleExecutor.java:50)
	at org.apache.ibatis.executor.BaseExecutor.update(BaseExecutor.java:117)
	at org.apache.ibatis.executor.CachingExecutor.update(CachingExecutor.java:76)
	at org.apache.ibatis.session.defaults.DefaultSqlSession.update(DefaultSqlSession.java:194)
	at org.apache.ibatis.session.defaults.DefaultSqlSession.insert(DefaultSqlSession.java:181)
	at java.base/jdk.internal.reflect.NativeMethodAccessorImpl.invoke0(Native Method)
	at java.base/jdk.internal.reflect.NativeMethodAccessorImpl.invoke(NativeMethodAccessorImpl.java:77)
	at java.base/jdk.internal.reflect.DelegatingMethodAccessorImpl.invoke(DelegatingMethodAccessorImpl.java:43)
	at java.base/java.lang.reflect.Method.invoke(Method.java:568)
	at org.mybatis.spring.SqlSessionTemplate$SqlSessionInterceptor.invoke(SqlSessionTemplate.java:427)
	... 61 more
</error>
    <system-out>11:48:30.683 [main] DEBUG org.springframework.test.annotation.ProfileValueUtils - Retrieved @ProfileValueSourceConfiguration [null] for test class [MyTest]
11:48:30.683 [main] DEBUG org.springframework.test.annotation.ProfileValueUtils - Retrieved ProfileValueSource type [class org.springframework.test.annotation.SystemProfileValueSource] for class [MyTest]
11:48:30.684 [main] DEBUG org.springframework.test.context.support.DependencyInjectionTestExecutionListener - Performing dependency injection for test context [[DefaultTestContext@48aaecc3 testClass = MyTest, testInstance = MyTest@21422231, testMethod = [null], testException = [null], mergedContextConfiguration = [MergedContextConfiguration@7c0c77c7 testClass = MyTest, locations = &apos;{classpath:applicationContext_mapper.xml, classpath:applicationContext_service.xml}&apos;, classes = &apos;{}&apos;, contextInitializerClasses = &apos;[]&apos;, activeProfiles = &apos;{}&apos;, propertySourceLocations = &apos;{}&apos;, propertySourceProperties = &apos;{}&apos;, contextCustomizers = set[[empty]], contextLoader = &apos;org.springframework.test.context.support.DelegatingSmartContextLoader&apos;, parent = [null]], attributes = map[&apos;org.springframework.test.context.event.ApplicationEventsTestExecutionListener.recordApplicationEvents&apos; -&gt; false]]].
11:48:30.685 [main] DEBUG org.springframework.test.context.cache.DefaultCacheAwareContextLoaderDelegate - Retrieved ApplicationContext [836220863] from cache with key [[MergedContextConfiguration@7c0c77c7 testClass = MyTest, locations = &apos;{classpath:applicationContext_mapper.xml, classpath:applicationContext_service.xml}&apos;, classes = &apos;{}&apos;, contextInitializerClasses = &apos;[]&apos;, activeProfiles = &apos;{}&apos;, propertySourceLocations = &apos;{}&apos;, propertySourceProperties = &apos;{}&apos;, contextCustomizers = set[[empty]], contextLoader = &apos;org.springframework.test.context.support.DelegatingSmartContextLoader&apos;, parent = [null]]]
11:48:30.686 [main] DEBUG org.springframework.test.context.cache - Spring test ApplicationContext cache statistics: [DefaultContextCache@33a053d size = 1, maxSize = 32, parentContextCount = 0, hitCount = 66, missCount = 1]
11:48:30.687 [main] DEBUG org.springframework.test.context.cache.DefaultCacheAwareContextLoaderDelegate - Retrieved ApplicationContext [836220863] from cache with key [[MergedContextConfiguration@7c0c77c7 testClass = MyTest, locations = &apos;{classpath:applicationContext_mapper.xml, classpath:applicationContext_service.xml}&apos;, classes = &apos;{}&apos;, contextInitializerClasses = &apos;[]&apos;, activeProfiles = &apos;{}&apos;, propertySourceLocations = &apos;{}&apos;, propertySourceProperties = &apos;{}&apos;, contextCustomizers = set[[empty]], contextLoader = &apos;org.springframework.test.context.support.DelegatingSmartContextLoader&apos;, parent = [null]]]
11:48:30.687 [main] DEBUG org.springframework.test.context.cache - Spring test ApplicationContext cache statistics: [DefaultContextCache@33a053d size = 1, maxSize = 32, parentContextCount = 0, hitCount = 67, missCount = 1]
11:48:30.689 [main] DEBUG org.springframework.test.context.support.AbstractDirtiesContextTestExecutionListener - Before test method: context [DefaultTestContext@48aaecc3 testClass = MyTest, testInstance = MyTest@21422231, testMethod = addOrderItem@MyTest, testException = [null], mergedContextConfiguration = [MergedContextConfiguration@7c0c77c7 testClass = MyTest, locations = &apos;{classpath:applicationContext_mapper.xml, classpath:applicationContext_service.xml}&apos;, classes = &apos;{}&apos;, contextInitializerClasses = &apos;[]&apos;, activeProfiles = &apos;{}&apos;, propertySourceLocations = &apos;{}&apos;, propertySourceProperties = &apos;{}&apos;, contextCustomizers = set[[empty]], contextLoader = &apos;org.springframework.test.context.support.DelegatingSmartContextLoader&apos;, parent = [null]], attributes = map[&apos;org.springframework.test.context.event.ApplicationEventsTestExecutionListener.recordApplicationEvents&apos; -&gt; false]], class annotated with @DirtiesContext [false] with mode [null], method annotated with @DirtiesContext [false] with mode [null].
11:48:30.691 [main] DEBUG org.springframework.test.context.cache.DefaultCacheAwareContextLoaderDelegate - Retrieved ApplicationContext [836220863] from cache with key [[MergedContextConfiguration@7c0c77c7 testClass = MyTest, locations = &apos;{classpath:applicationContext_mapper.xml, classpath:applicationContext_service.xml}&apos;, classes = &apos;{}&apos;, contextInitializerClasses = &apos;[]&apos;, activeProfiles = &apos;{}&apos;, propertySourceLocations = &apos;{}&apos;, propertySourceProperties = &apos;{}&apos;, contextCustomizers = set[[empty]], contextLoader = &apos;org.springframework.test.context.support.DelegatingSmartContextLoader&apos;, parent = [null]]]
11:48:30.692 [main] DEBUG org.springframework.test.context.cache - Spring test ApplicationContext cache statistics: [DefaultContextCache@33a053d size = 1, maxSize = 32, parentContextCount = 0, hitCount = 68, missCount = 1]
11:48:30.692 [main] DEBUG org.springframework.test.context.cache.DefaultCacheAwareContextLoaderDelegate - Retrieved ApplicationContext [836220863] from cache with key [[MergedContextConfiguration@7c0c77c7 testClass = MyTest, locations = &apos;{classpath:applicationContext_mapper.xml, classpath:applicationContext_service.xml}&apos;, classes = &apos;{}&apos;, contextInitializerClasses = &apos;[]&apos;, activeProfiles = &apos;{}&apos;, propertySourceLocations = &apos;{}&apos;, propertySourceProperties = &apos;{}&apos;, contextCustomizers = set[[empty]], contextLoader = &apos;org.springframework.test.context.support.DelegatingSmartContextLoader&apos;, parent = [null]]]
11:48:30.692 [main] DEBUG org.springframework.test.context.cache - Spring test ApplicationContext cache statistics: [DefaultContextCache@33a053d size = 1, maxSize = 32, parentContextCount = 0, hitCount = 69, missCount = 1]
11:48:30.694 [main] DEBUG org.springframework.jdbc.datasource.DataSourceTransactionManager - Creating new transaction with name [top.keyle.service.serviceImpl.OrderItemServiceImpl.addOrderItem]: PROPAGATION_REQUIRED,ISOLATION_DEFAULT
11:48:30.694 [main] DEBUG org.springframework.jdbc.datasource.DataSourceTransactionManager - Acquired Connection [com.mysql.cj.jdbc.ConnectionImpl@131fcb6f] for JDBC transaction
11:48:30.694 [main] DEBUG org.springframework.jdbc.datasource.DataSourceTransactionManager - Switching JDBC Connection [com.mysql.cj.jdbc.ConnectionImpl@131fcb6f] to manual commit
Creating a new SqlSession
Registering transaction synchronization for SqlSession [org.apache.ibatis.session.defaults.DefaultSqlSession@10ee04df]
JDBC Connection [com.mysql.cj.jdbc.ConnectionImpl@131fcb6f] will be managed by Spring
==&gt;  Preparing: insert into t_order_item ( book, buyCount, orderBean ) values ( ?, ?, ? )
==&gt; Parameters: 1(Integer), 21(Integer), 3(Integer)
Releasing transactional SqlSession [org.apache.ibatis.session.defaults.DefaultSqlSession@10ee04df]
11:48:30.765 [main] DEBUG org.springframework.jdbc.support.SQLErrorCodesFactory - Looking up default SQLErrorCodes for DataSource [com.alibaba.druid.pool.DruidDataSource@790132f7]
11:48:30.765 [main] DEBUG org.springframework.jdbc.support.SQLErrorCodesFactory - SQLErrorCodes found in cache for DataSource [com.alibaba.druid.pool.DruidDataSource@790132f7]
11:48:30.765 [main] DEBUG org.springframework.jdbc.support.SQLErrorCodeSQLExceptionTranslator - Translating SQLException with SQL state &apos;23000&apos;, error code &apos;1452&apos;, message [Cannot add or update a child row: a foreign key constraint fails (`mysshbook`.`t_order_item`, CONSTRAINT `FK_detail_order` FOREIGN KEY (`orderBean`) REFERENCES `t_order` (`id`))] for task [
### Error updating database.  Cause: java.sql.SQLIntegrityConstraintViolationException: Cannot add or update a child row: a foreign key constraint fails (`mysshbook`.`t_order_item`, CONSTRAINT `FK_detail_order` FOREIGN KEY (`orderBean`) REFERENCES `t_order` (`id`))
### The error may exist in top/keyle/mapper/OrderItemMapper.xml
### The error may involve top.keyle.mapper.OrderItemMapper.addOrderItem-Inline
### The error occurred while setting parameters
### SQL: insert into t_order_item          ( book,             buyCount,             orderBean )          values          ( ?,             ?,             ? )
### Cause: java.sql.SQLIntegrityConstraintViolationException: Cannot add or update a child row: a foreign key constraint fails (`mysshbook`.`t_order_item`, CONSTRAINT `FK_detail_order` FOREIGN KEY (`orderBean`) REFERENCES `t_order` (`id`))
]
Transaction synchronization deregistering SqlSession [org.apache.ibatis.session.defaults.DefaultSqlSession@10ee04df]
Transaction synchronization closing SqlSession [org.apache.ibatis.session.defaults.DefaultSqlSession@10ee04df]
11:48:30.767 [main] DEBUG org.springframework.jdbc.datasource.DataSourceTransactionManager - Initiating transaction rollback
11:48:30.768 [main] DEBUG org.springframework.jdbc.datasource.DataSourceTransactionManager - Rolling back JDBC transaction on Connection [com.mysql.cj.jdbc.ConnectionImpl@131fcb6f]
11:48:30.812 [main] DEBUG org.springframework.jdbc.datasource.DataSourceTransactionManager - Releasing JDBC Connection [com.mysql.cj.jdbc.ConnectionImpl@131fcb6f] after transaction
11:48:30.813 [main] DEBUG org.springframework.test.context.cache.DefaultCacheAwareContextLoaderDelegate - Retrieved ApplicationContext [836220863] from cache with key [[MergedContextConfiguration@7c0c77c7 testClass = MyTest, locations = &apos;{classpath:applicationContext_mapper.xml, classpath:applicationContext_service.xml}&apos;, classes = &apos;{}&apos;, contextInitializerClasses = &apos;[]&apos;, activeProfiles = &apos;{}&apos;, propertySourceLocations = &apos;{}&apos;, propertySourceProperties = &apos;{}&apos;, contextCustomizers = set[[empty]], contextLoader = &apos;org.springframework.test.context.support.DelegatingSmartContextLoader&apos;, parent = [null]]]
11:48:30.814 [main] DEBUG org.springframework.test.context.cache - Spring test ApplicationContext cache statistics: [DefaultContextCache@33a053d size = 1, maxSize = 32, parentContextCount = 0, hitCount = 70, missCount = 1]
11:48:30.815 [main] DEBUG org.springframework.test.context.cache.DefaultCacheAwareContextLoaderDelegate - Retrieved ApplicationContext [836220863] from cache with key [[MergedContextConfiguration@7c0c77c7 testClass = MyTest, locations = &apos;{classpath:applicationContext_mapper.xml, classpath:applicationContext_service.xml}&apos;, classes = &apos;{}&apos;, contextInitializerClasses = &apos;[]&apos;, activeProfiles = &apos;{}&apos;, propertySourceLocations = &apos;{}&apos;, propertySourceProperties = &apos;{}&apos;, contextCustomizers = set[[empty]], contextLoader = &apos;org.springframework.test.context.support.DelegatingSmartContextLoader&apos;, parent = [null]]]
11:48:30.815 [main] DEBUG org.springframework.test.context.cache - Spring test ApplicationContext cache statistics: [DefaultContextCache@33a053d size = 1, maxSize = 32, parentContextCount = 0, hitCount = 71, missCount = 1]
11:48:30.817 [main] DEBUG org.springframework.test.context.support.AbstractDirtiesContextTestExecutionListener - After test method: context [DefaultTestContext@48aaecc3 testClass = MyTest, testInstance = MyTest@21422231, testMethod = addOrderItem@MyTest, testException = org.springframework.dao.DataIntegrityViolationException: 
### Error updating database.  Cause: java.sql.SQLIntegrityConstraintViolationException: Cannot add or update a child row: a foreign key constraint fails (`mysshbook`.`t_order_item`, CONSTRAINT `FK_detail_order` FOREIGN KEY (`orderBean`) REFERENCES `t_order` (`id`))
### The error may exist in top/keyle/mapper/OrderItemMapper.xml
### The error may involve top.keyle.mapper.OrderItemMapper.addOrderItem-Inline
### The error occurred while setting parameters
### SQL: insert into t_order_item          ( book,             buyCount,             orderBean )          values          ( ?,             ?,             ? )
### Cause: java.sql.SQLIntegrityConstraintViolationException: Cannot add or update a child row: a foreign key constraint fails (`mysshbook`.`t_order_item`, CONSTRAINT `FK_detail_order` FOREIGN KEY (`orderBean`) REFERENCES `t_order` (`id`))
; Cannot add or update a child row: a foreign key constraint fails (`mysshbook`.`t_order_item`, CONSTRAINT `FK_detail_order` FOREIGN KEY (`orderBean`) REFERENCES `t_order` (`id`)); nested exception is java.sql.SQLIntegrityConstraintViolationException: Cannot add or update a child row: a foreign key constraint fails (`mysshbook`.`t_order_item`, CONSTRAINT `FK_detail_order` FOREIGN KEY (`orderBean`) REFERENCES `t_order` (`id`)), mergedContextConfiguration = [MergedContextConfiguration@7c0c77c7 testClass = MyTest, locations = &apos;{classpath:applicationContext_mapper.xml, classpath:applicationContext_service.xml}&apos;, classes = &apos;{}&apos;, contextInitializerClasses = &apos;[]&apos;, activeProfiles = &apos;{}&apos;, propertySourceLocations = &apos;{}&apos;, propertySourceProperties = &apos;{}&apos;, contextCustomizers = set[[empty]], contextLoader = &apos;org.springframework.test.context.support.DelegatingSmartContextLoader&apos;, parent = [null]], attributes = map[&apos;org.springframework.test.context.event.ApplicationEventsTestExecutionListener.recordApplicationEvents&apos; -&gt; false]], class annotated with @DirtiesContext [false] with mode [null], method annotated with @DirtiesContext [false] with mode [null].
</system-out>
  </testcase>
  <testcase classname="MyTest" name="updateBook" time="0.119"/>
  <testcase classname="MyTest" name="s1" time="0.131"/>
  <testcase classname="MyTest" name="testA" time="0.088"/>
  <testcase classname="MyTest" name="deleteOrderItem" time="0.052"/>
  <testcase classname="MyTest" name="detailOrder1" time="0.118"/>
  <testcase classname="MyTest" name="selectCartItem" time="0.143"/>
  <testcase classname="MyTest" name="batchDeleteOrder" time="0.075"/>
  <testcase classname="MyTest" name="selectorderitem" time="0.127"/>
  <testcase classname="MyTest" name="batchDeleteBook" time="0.075"/>
</testsuite>